# JRE version: OpenJDK Runtime Environment Temurin-21.0.10+7 (21.0.10+7) (build 21.0.10+7-LTS)
# Java VM: OpenJDK 64-Bit Server VM Temurin-21.0.10+7 (21.0.10+7-LTS, mixed mode, sharing, tiered, compressed oops, compressed class ptrs, g1 gc, windows-amd64)
GC Precious Log:
 CardTable entry size: 512
 Card Set container configuration: InlinePtr #cards 4 size 8 Array Of Cards #cards 16 size 48 Howl #buckets 8 coarsen threshold 3686 Howl Bitmap #cards 512 size 80 coarsen threshold 460 Card regions per heap region 1 cards per card region 4096
 CPUs: 8 total, 8 available
 Memory: 16122M
 Large Page Support: Disabled
 NUMA Support: Disabled
 Compressed Oops: Enabled (Zero based)
 Heap Region Size: 2M
 Heap Min Capacity: 8M
 Heap Initial Capacity: 252M
 Heap Max Capacity: 4032M
 Pre-touch: Disabled
 Parallel Workers: 8
 Concurrent Workers: 2
 Concurrent Refinement Workers: 8
 Periodic GC: Disabled
Heap:
 garbage-first heap   total 104448K, used 81331K [0x0000000704000000, 0x0000000800000000)
  region size 2048K, 15 young (30720K), 2 survivors (4096K)
 Metaspace       used 59317K, committed 60800K, reserved 1114112K
  class space    used 6327K, committed 6976K, reserved 1048576K
GC Heap History (20 events):
Event: 75.726 GC heap before
{Heap before GC invocations=24 (full 0):
 garbage-first heap   total 104448K, used 90376K [0x0000000704000000, 0x0000000800000000)
  region size 2048K, 19 young (38912K), 2 survivors (4096K)
 Metaspace       used 52374K, committed 53696K, reserved 1114112K
  class space    used 5607K, committed 6208K, reserved 1048576K
}
Event: 75.737 GC heap after
{Heap after GC invocations=25 (full 0):
 garbage-first heap   total 104448K, used 57890K [0x0000000704000000, 0x0000000800000000)
  region size 2048K, 2 young (4096K), 2 survivors (4096K)
 Metaspace       used 52374K, committed 53696K, reserved 1114112K
  class space    used 5607K, committed 6208K, reserved 1048576K
}
Event: 76.093 GC heap before
{Heap before GC invocations=25 (full 0):
 garbage-first heap   total 104448K, used 92706K [0x0000000704000000, 0x0000000800000000)
  region size 2048K, 20 young (40960K), 2 survivors (4096K)
 Metaspace       used 52420K, committed 53824K, reserved 1114112K
  class space    used 5613K, committed 6208K, reserved 1048576K
}
Event: 76.099 GC heap after
{Heap after GC invocations=26 (full 0):
 garbage-first heap   total 104448K, used 59166K [0x0000000704000000, 0x0000000800000000)
  region size 2048K, 2 young (4096K), 2 survivors (4096K)
 Metaspace       used 52420K, committed 53824K, reserved 1114112K
  class space    used 5613K, committed 6208K, reserved 1048576K
}
Event: 76.352 GC heap before
{Heap before GC invocations=27 (full 0):
 garbage-first heap   total 104448K, used 93982K [0x0000000704000000, 0x0000000800000000)
  region size 2048K, 19 young (38912K), 2 survivors (4096K)
 Metaspace       used 52413K, committed 53824K, reserved 1114112K
  class space    used 5611K, committed 6208K, reserved 1048576K
}
Event: 76.358 GC heap after
{Heap after GC invocations=28 (full 0):
 garbage-first heap   total 104448K, used 59513K [0x0000000704000000, 0x0000000800000000)
  region size 2048K, 2 young (4096K), 2 survivors (4096K)
 Metaspace       used 52413K, committed 53824K, reserved 1114112K
  class space    used 5611K, committed 6208K, reserved 1048576K
}
Event: 76.628 GC heap before
{Heap before GC invocations=28 (full 0):
 garbage-first heap   total 104448K, used 94329K [0x0000000704000000, 0x0000000800000000)
  region size 2048K, 19 young (38912K), 2 survivors (4096K)
 Metaspace       used 52474K, committed 53824K, reserved 1114112K
  class space    used 5614K, committed 6208K, reserved 1048576K
}
Event: 76.636 GC heap after
{Heap after GC invocations=29 (full 0):
 garbage-first heap   total 104448K, used 57307K [0x0000000704000000, 0x0000000800000000)
  region size 2048K, 1 young (2048K), 1 survivors (2048K)
 Metaspace       used 52474K, committed 53824K, reserved 1114112K
  class space    used 5614K, committed 6208K, reserved 1048576K
}
Event: 76.892 GC heap before
{Heap before GC invocations=29 (full 0):
 garbage-first heap   total 104448K, used 94171K [0x0000000704000000, 0x0000000800000000)
  region size 2048K, 19 young (38912K), 1 survivors (2048K)
 Metaspace       used 52497K, committed 53824K, reserved 1114112K
  class space    used 5614K, committed 6208K, reserved 1048576K
}
Event: 76.897 GC heap after
{Heap after GC invocations=30 (full 0):
 garbage-first heap   total 104448K, used 57040K [0x0000000704000000, 0x0000000800000000)
  region size 2048K, 1 young (2048K), 1 survivors (2048K)
 Metaspace       used 52497K, committed 53824K, reserved 1114112K
  class space    used 5614K, committed 6208K, reserved 1048576K
}
Event: 77.587 GC heap before
{Heap before GC invocations=31 (full 0):
 garbage-first heap   total 104448K, used 93904K [0x0000000704000000, 0x0000000800000000)
  region size 2048K, 19 young (38912K), 1 survivors (2048K)
 Metaspace       used 52506K, committed 53824K, reserved 1114112K
  class space    used 5614K, committed 6208K, reserved 1048576K
}
Event: 77.592 GC heap after
{Heap after GC invocations=32 (full 0):
 garbage-first heap   total 104448K, used 57038K [0x0000000704000000, 0x0000000800000000)
  region size 2048K, 1 young (2048K), 1 survivors (2048K)
 Metaspace       used 52506K, committed 53824K, reserved 1114112K
  class space    used 5614K, committed 6208K, reserved 1048576K
}
Event: 80.740 GC heap before
{Heap before GC invocations=32 (full 0):
 garbage-first heap   total 104448K, used 93902K [0x0000000704000000, 0x0000000800000000)
  region size 2048K, 19 young (38912K), 1 survivors (2048K)
 Metaspace       used 52653K, committed 54080K, reserved 1114112K
  class space    used 5629K, committed 6272K, reserved 1048576K
}
Event: 80.748 GC heap after
{Heap after GC invocations=33 (full 0):
 garbage-first heap   total 104448K, used 56036K [0x0000000704000000, 0x0000000800000000)
  region size 2048K, 1 young (2048K), 1 survivors (2048K)
 Metaspace       used 52653K, committed 54080K, reserved 1114112K
  class space    used 5629K, committed 6272K, reserved 1048576K
}
Event: 81.829 GC heap before
{Heap before GC invocations=33 (full 0):
 garbage-first heap   total 104448K, used 94948K [0x0000000704000000, 0x0000000800000000)
  region size 2048K, 20 young (40960K), 1 survivors (2048K)
 Metaspace       used 53092K, committed 54464K, reserved 1114112K
  class space    used 5675K, committed 6272K, reserved 1048576K
}
Event: 81.835 GC heap after
{Heap after GC invocations=34 (full 0):
 garbage-first heap   total 104448K, used 56666K [0x0000000704000000, 0x0000000800000000)
  region size 2048K, 2 young (4096K), 2 survivors (4096K)
 Metaspace       used 53092K, committed 54464K, reserved 1114112K
  class space    used 5675K, committed 6272K, reserved 1048576K
}
Event: 83.825 GC heap before
{Heap before GC invocations=35 (full 0):
 garbage-first heap   total 104448K, used 91482K [0x0000000704000000, 0x0000000800000000)
  region size 2048K, 20 young (40960K), 2 survivors (4096K)
 Metaspace       used 55715K, committed 57088K, reserved 1114112K
  class space    used 6005K, committed 6592K, reserved 1048576K
}
Event: 83.831 GC heap after
{Heap after GC invocations=36 (full 0):
 garbage-first heap   total 104448K, used 57359K [0x0000000704000000, 0x0000000800000000)
  region size 2048K, 2 young (4096K), 2 survivors (4096K)
 Metaspace       used 55715K, committed 57088K, reserved 1114112K
  class space    used 6005K, committed 6592K, reserved 1048576K
}
Event: 84.383 GC heap before
{Heap before GC invocations=36 (full 0):
 garbage-first heap   total 104448K, used 94223K [0x0000000704000000, 0x0000000800000000)
  region size 2048K, 20 young (40960K), 2 survivors (4096K)
 Metaspace       used 56823K, committed 58240K, reserved 1114112K
  class space    used 6108K, committed 6720K, reserved 1048576K
}
Event: 84.390 GC heap after
{Heap after GC invocations=37 (full 0):
 garbage-first heap   total 104448K, used 56755K [0x0000000704000000, 0x0000000800000000)
  region size 2048K, 2 young (4096K), 2 survivors (4096K)
 Metaspace       used 56823K, committed 58240K, reserved 1114112K
  class space    used 6108K, committed 6720K, reserved 1048576K
}

